Determining if the pthread_create exist failed with the following output:
Change Dir: /home/travis/build/gvenewour/miscellaneous/build/CMakeFiles/CMakeTmp

Run Build Command:"/usr/bin/make" "cmTC_bec96/fast"
/usr/bin/make -f CMakeFiles/cmTC_bec96.dir/build.make CMakeFiles/cmTC_bec96.dir/build
make[1]: Entering directory `/home/travis/build/gvenewour/miscellaneous/build/CMakeFiles/CMakeTmp'
Building C object CMakeFiles/cmTC_bec96.dir/CheckSymbolExists.c.o
/usr/bin/gcc    -o CMakeFiles/cmTC_bec96.dir/CheckSymbolExists.c.o   -c /home/travis/build/gvenewour/miscellaneous/build/CMakeFiles/CMakeTmp/CheckSymbolExists.c
Linking C executable cmTC_bec96
/usr/local/cmake-3.9.2/bin/cmake -E cmake_link_script CMakeFiles/cmTC_bec96.dir/link.txt --verbose=1
/usr/bin/gcc      -rdynamic CMakeFiles/cmTC_bec96.dir/CheckSymbolExists.c.o  -o cmTC_bec96 
CMakeFiles/cmTC_bec96.dir/CheckSymbolExists.c.o: In function `main':
CheckSymbolExists.c:(.text+0x16): undefined reference to `pthread_create'
collect2: error: ld returned 1 exit status
make[1]: *** [cmTC_bec96] Error 1
make[1]: Leaving directory `/home/travis/build/gvenewour/miscellaneous/build/CMakeFiles/CMakeTmp'
make: *** [cmTC_bec96/fast] Error 2

File /home/travis/build/gvenewour/miscellaneous/build/CMakeFiles/CMakeTmp/CheckSymbolExists.c:
/* */
#include <pthread.h>

int main(int argc, char** argv)
{
  (void)argv;
#ifndef pthread_create
  return ((int*)(&pthread_create))[argc];
#else
  (void)argc;
  return 0;
#endif
}

